[23:19:22] [ServerMain/INFO]: [bootstrap] Running Java 21 (OpenJDK 64-Bit Server VM 21.0.8+9-LTS; Eclipse Adoptium Temurin-21.0.8+9) on Mac OS X 15.5 (x86_64)
[23:19:22] [ServerMain/INFO]: [bootstrap] Loading Paper 1.21.5-114-ver/1.21.5@a1b3058 (2025-06-18T10:59:02Z) for Minecraft 1.21.5
[23:19:23] [ServerMain/INFO]: [PluginInitializerManager] Initializing plugins...
[23:19:24] [ServerMain/INFO]: [PluginInitializerManager] Initialized 4 plugins
[23:19:24] [ServerMain/INFO]: [PluginInitializerManager] Bukkit plugins (4):
 - Geyser-Spigot (2.8.3-SNAPSHOT), Terra (6.6.3-BETA+cc5258ce7), ViaVersion (5.4.2), floodgate (2.2.4-SNAPSHOT (b118-40d320a))
[23:19:31] [ServerMain/INFO]: Environment: Environment[sessionHost=https://sessionserver.mojang.com, servicesHost=https://api.minecraftservices.com, name=PROD]
[23:19:31] [ServerMain/INFO]: Found new data pack file/bukkit, loading it automatically
[23:19:31] [ServerMain/INFO]: Found new data pack paper, loading it automatically
[23:19:33] [ServerMain/INFO]: No existing world data, creating new world
[23:19:35] [ServerMain/INFO]: Loaded 1373 recipes
[23:19:35] [ServerMain/INFO]: Loaded 1484 advancements
[23:19:35] [Server thread/INFO]: Starting minecraft server version 1.21.5
[23:19:35] [Server thread/INFO]: Loading properties
[23:19:35] [Server thread/INFO]: This server is running Paper version 1.21.5-114-ver/1.21.5@a1b3058 (2025-06-18T10:59:02Z) (Implementing API version 1.21.5-R0.1-SNAPSHOT)
[23:19:35] [Server thread/INFO]: [spark] This server bundles the spark profiler. For more information please visit https://docs.papermc.io/paper/profiling
[23:19:35] [Server thread/INFO]: Server Ping Player Sample Count: 12
[23:19:35] [Server thread/INFO]: Using 4 threads for Netty based IO
[23:19:36] [Server thread/INFO]: [MoonriseCommon] Paper is using 2 worker threads, 1 I/O threads
[23:19:36] [Server thread/INFO]: [ChunkTaskScheduler] Chunk system is using population gen parallelism: true
[23:19:37] [Server thread/INFO]: Default game type: SURVIVAL
[23:19:37] [Server thread/INFO]: Generating keypair
[23:19:37] [Server thread/INFO]: Starting Minecraft server on *:25565
[23:19:37] [Server thread/INFO]: Using default channel type
[23:19:37] [Server thread/INFO]: Paper: Using Java compression from Velocity.
[23:19:37] [Server thread/INFO]: Paper: Using Java cipher from Velocity.
[23:19:38] [Server thread/INFO]: [com.dfsek.terra.AbstractPlatform] Moonrise found, setting 2 generation threads.
[23:19:38] [Server thread/INFO]: [com.dfsek.terra.AbstractPlatform] Initializing Terra...
[23:19:38] [Server thread/INFO]: [com.dfsek.terra.AbstractPlatform] Loading config.yml
[23:19:38] [Server thread/INFO]: [com.dfsek.terra.config.PluginConfigImpl] Loading config values from config.yml
[23:19:39] [Server thread/INFO]: [com.dfsek.terra.AbstractPlatform] Loading 37 Terra addons:
        - biome-provider-extrusion@1.0.0-BETA+cc5258ce7
        - biome-provider-image@1.0.1-BETA+cc5258ce7
        - biome-provider-image-v2@1.0.1-BETA+cc5258ce7
        - biome-provider-pipeline@1.0.2-BETA+cc5258ce7
        - biome-provider-pipeline-v2@1.0.1-BETA+cc5258ce7
        - biome-provider-single@1.0.0-BETA+cc5258ce7
        - biome-query-api@1.0.0-BETA+cc5258ce7
        - chunk-generator-noise-3d@1.2.1-BETA+cc5258ce7
        - command-addons@1.0.0-BETA+cc5258ce7
        - command-packs@1.0.0-BETA+cc5258ce7
        - command-profiler@1.0.0-BETA+cc5258ce7
        - command-structures@1.0.0-BETA+cc5258ce7
        - config-biome@1.0.0-BETA+cc5258ce7
        - config-distributors@1.0.1-BETA+cc5258ce7
        - config-feature@1.0.0-BETA+cc5258ce7
        - config-flora@1.0.1-BETA+cc5258ce7
        - config-locators@1.1.1-BETA+cc5258ce7
        - config-noise-function@1.2.0-BETA+cc5258ce7
        - config-number-predicate@1.0.0-BETA+cc5258ce7
        - config-ore@1.1.1-BETA+cc5258ce7
        - config-palette@1.0.0-BETA+cc5258ce7
        - config-structure@1.0.1-BETA+cc5258ce7
        - generation-stage-feature@1.1.0-BETA+cc5258ce7
        - generation-stage-structure@1.0.0-BETA+cc5258ce7
        - language-yaml@1.0.0-BETA+cc5258ce7
        - library-image@1.1.0-BETA+cc5258ce7
        - locator-slant-noise-3d@1.0.0-BETA+cc5258ce7
        - palette-block-shortcut@1.0.0-BETA+cc5258ce7
        - pipeline-image@1.0.0-BETA+cc5258ce7
        - structure-block-shortcut@1.0.0-BETA+cc5258ce7
        - structure-function-check-noise-3d@1.0.1-BETA+cc5258ce7
        - structure-mutator@0.1.0-BETA+cc5258ce7
        - structure-sponge-loader@1.0.0-BETA+cc5258ce7
        - structure-terrascript-loader@1.2.0-BETA+cc5258ce7
        - terra@1.0.0
        - terra-bukkit@1.0.0
        - terrascript-function-sampler@1.0.0-BETA+cc5258ce7
[23:19:39] [Server thread/INFO]: [com.dfsek.terra.AbstractPlatform] Terra addons successfully loaded.
[23:19:39] [Server thread/INFO]: [com.dfsek.terra.AbstractPlatform] Finished initialization.
[23:19:39] [Server thread/INFO]: [floodgate] Loading server plugin floodgate v2.2.4-SNAPSHOT (b118-40d320a)
[23:19:41] [Server thread/INFO]: [floodgate] Floodgateの起動に 1,359ms かかりました。
[23:19:41] [Server thread/INFO]: [ViaVersion] Loading server plugin ViaVersion v5.4.2
[23:19:41] [Server thread/INFO]: [ViaVersion] ViaVersion 5.4.2 is now loaded. Registering protocol transformers and injecting...
[23:19:42] [Via-Mappingloader-0/INFO]: [ViaVersion] Loading block connection mappings ...
[23:19:42] [Via-Mappingloader-0/INFO]: [ViaVersion] Using FastUtil Long2ObjectOpenHashMap for block connections
[23:19:42] [Server thread/INFO]: [Terra] Loading server plugin Terra v6.6.3-BETA+cc5258ce7
[23:19:42] [Server thread/INFO]: [Geyser-Spigot] Loading server plugin Geyser-Spigot v2.8.3-SNAPSHOT
[23:19:44] [Server thread/INFO]: [Geyser-Spigot] 拡張機能を読み込み中...
[23:19:44] [Server thread/INFO]: [Geyser-Spigot] 0 拡張機能を読み込みました
[23:19:44] [Server thread/INFO]: Server permissions file permissions.yml is empty, ignoring it
[23:19:44] [Server thread/INFO]: [Terra] Enabling Terra v6.6.3-BETA+cc5258ce7
[23:19:44] [Server thread/INFO]: [com.dfsek.terra.bukkit.TerraBukkitPlugin] Running on Minecraft version v1.21.5 with server implementation Paper.
[23:19:44] [Server thread/INFO]: [com.dfsek.terra.AbstractPlatform] Loading config packs...
[23:19:44] [Server thread/INFO]: [com.dfsek.terra.registry.master.ConfigRegistry] Loading ZIP archive: default.zip
[23:19:45] [Server thread/INFO]: [com.dfsek.terra.config.pack.ConfigPackImpl] Loading config pack "OVERWORLD:OVERWORLD"
[23:19:52] [Server thread/INFO]: [com.dfsek.terra.config.pack.ConfigPackImpl] Loaded config pack "OVERWORLD:OVERWORLD" v1.5.1 by Astrash, Sancires, Aureus, RogueShade in 7836.124117ms.
[23:19:52] [Server thread/INFO]: [com.dfsek.terra.AbstractPlatform] Loaded packs.
[23:19:52] [Server thread/INFO]: [com.dfsek.terra.bukkit.nms.v1_21_5.AwfulBukkitHacks] Hacking biome registry...
[23:19:52] [Server thread/INFO]: [com.dfsek.terra.bukkit.nms.v1_21_5.AwfulBukkitHacks] Doing tag garbage....
[23:19:53] [Server thread/INFO]: Preparing level "world"
[23:19:53] [Server thread/INFO]: [com.dfsek.terra.bukkit.nms.v1_21_5.NMSInjectListener] Preparing to take over the world: world
[23:19:53] [Server thread/INFO]: [com.dfsek.terra.bukkit.nms.v1_21_5.NMSInjectListener] Successfully injected into world.
[23:20:35] [Server thread/INFO]: Preparing start region for dimension minecraft:overworld
[23:20:35] [Server thread/INFO]: Preparing spawn area: 2%
[23:20:35] [Server thread/INFO]: Preparing spawn area: 2%
[23:20:36] [Server thread/INFO]: Preparing spawn area: 2%
[23:20:37] [Server thread/INFO]: Preparing spawn area: 2%
[23:20:37] [Server thread/INFO]: Preparing spawn area: 2%
[23:20:38] [Server thread/INFO]: Preparing spawn area: 2%
[23:20:38] [Server thread/INFO]: Preparing spawn area: 2%
[23:20:38] [Server thread/INFO]: Preparing spawn area: 2%
[23:20:39] [Server thread/INFO]: Preparing spawn area: 2%
[23:20:39] [Server thread/INFO]: Preparing spawn area: 2%
[23:20:40] [Server thread/INFO]: Preparing spawn area: 2%
[23:20:40] [Server thread/INFO]: Preparing spawn area: 2%
[23:20:41] [Server thread/INFO]: Preparing spawn area: 2%
[23:20:42] [Server thread/INFO]: Preparing spawn area: 2%
[23:20:42] [Server thread/INFO]: Preparing spawn area: 18%
[23:20:42] [Server thread/INFO]: Preparing spawn area: 18%
[23:20:43] [Server thread/INFO]: Preparing spawn area: 18%
[23:20:43] [Server thread/INFO]: Preparing spawn area: 24%
[23:20:44] [Server thread/INFO]: Preparing spawn area: 42%
[23:20:44] [Server thread/INFO]: Preparing spawn area: 42%
[23:20:45] [Server thread/INFO]: Preparing spawn area: 44%
[23:20:45] [Server thread/INFO]: Preparing spawn area: 46%
[23:20:46] [Server thread/INFO]: Preparing spawn area: 63%
[23:20:46] [Server thread/INFO]: Preparing spawn area: 63%
[23:20:47] [Server thread/INFO]: Preparing spawn area: 63%
[23:20:47] [Server thread/INFO]: Preparing spawn area: 63%
[23:20:48] [Server thread/INFO]: Time elapsed: 12965 ms
[23:20:48] [Server thread/INFO]: Preparing start region for dimension minecraft:the_nether
[23:20:48] [Server thread/INFO]: Preparing spawn area: 0%
[23:20:48] [Server thread/INFO]: Time elapsed: 469 ms
[23:20:48] [Server thread/INFO]: Preparing start region for dimension minecraft:the_end
[23:20:48] [Server thread/INFO]: Preparing spawn area: 0%
[23:20:49] [Server thread/INFO]: Time elapsed: 268 ms
[23:20:49] [Server thread/INFO]: [floodgate] Enabling floodgate v2.2.4-SNAPSHOT (b118-40d320a)
[23:20:50] [Server thread/INFO]: [ViaVersion] Enabling ViaVersion v5.4.2
[23:20:50] [Server thread/INFO]: [ViaVersion] ViaVersion detected server version: 1.21.5 (770)
[23:20:50] [Server thread/INFO]: [Geyser-Spigot] Enabling Geyser-Spigot v2.8.3-SNAPSHOT
[23:20:54] [Server thread/INFO]: [spark] Starting background profiler...
[23:20:54] [Server thread/INFO]: [spark] The async-profiler engine is not supported for your os/arch (macosx/x86_64), so the built-in Java engine will be used instead.
[23:20:54] [Server thread/INFO]: [Geyser-Spigot] ******************************************
[23:20:54] [Server thread/INFO]: [Geyser-Spigot] 
[23:20:54] [Server thread/INFO]: [Geyser-Spigot] Geyser バージョン 2.8.3-b903 (git-master-61a1ddd) を読み込んでいます
[23:20:54] [Server thread/INFO]: [Geyser-Spigot] 
[23:20:54] [Server thread/INFO]: [Geyser-Spigot] ******************************************
[23:21:00] [Server thread/INFO]: [Geyser-Spigot] UDP ポート 19132 で開始しました
[23:21:00] [Server thread/INFO]: [Geyser-Spigot] 完了 (6.405s)！ /geyser help を実行してください！
[23:21:01] [Server thread/INFO]: Done preparing level "world" (68.048s)
[23:21:01] [Server thread/INFO]: Running delayed init tasks
[23:21:01] [Craft Scheduler Thread - 5 - ViaVersion/INFO]: [ViaVersion] Finished mapping loading, shutting down loader executor.
[23:21:01] [Server thread/INFO]: Done (101.713s)! For help, type "help"
[23:21:07] [GeyserServerChild-4-1/INFO]: [Geyser-Spigot] ユーザー名 ShunnedDeer3913 で接続しました
[23:21:07] [localSession-7-2/INFO]: [Geyser-Spigot] ShunnedDeer3913 ( ShunnedDeer3913 としてログイン中) が Java サーバーに接続しました
[23:21:08] [Server thread/INFO]: [floodgate] Floodgateの .ShunnedDeer3913 でログインしているプレイヤーが参加しました (UUID: 00000000-0000-0000-0009-01f5626857f9)
[23:21:08] [Server thread/INFO]: .ShunnedDeer3913 joined the game
[23:21:08] [Server thread/INFO]: .ShunnedDeer3913[/192.168.0.18:0] logged in with entity id 60 at ([world]119.5, 73.0, -514.5)
[23:23:30] [Server thread/INFO]: .ShunnedDeer3913 was pricked to death
[23:25:35] [Server thread/INFO]: Stopping server
[23:25:35] [Server thread/INFO]: [Geyser-Spigot] Disabling Geyser-Spigot v2.8.3-SNAPSHOT
[23:25:35] [Server thread/INFO]: [Geyser-Spigot] Geyser をシャットダウンしています。
[23:25:35] [Server thread/INFO]: [Geyser-Spigot] 1 人のプレーヤーをキックしています
[23:25:35] [Server thread/INFO]: [Geyser-Spigot] Geyser Proxy をシャットダウンしています。 が原因で、ShunnedDeer3913 は Java サーバーから切断されました
[23:25:35] [Server thread/INFO]: [Geyser-Spigot] すべてのプレイヤーをキックしました！
[23:25:35] [Geyser Spigot connection thread-6-3/INFO]: [floodgate] Floodgateの .ShunnedDeer3913 でログインしているプレイヤーが切断しました
[23:25:35] [Server thread/INFO]: [Geyser-Spigot] Geyser は正常にシャットダウンしました。
[23:25:35] [Server thread/INFO]: [Terra] Disabling Terra v6.6.3-BETA+cc5258ce7
[23:25:35] [Server thread/INFO]: [ViaVersion] Disabling ViaVersion v5.4.2
[23:25:35] [Server thread/INFO]: [ViaVersion] ViaVersion has been disabled; uninjected the platform and shut down the scheduler.
[23:25:35] [Server thread/INFO]: [floodgate] Disabling floodgate v2.2.4-SNAPSHOT (b118-40d320a)
[23:25:36] [WebSocketConnectReadThread-100/INFO]: [Geyser-Spigot] The skin uploader has been closed
[23:25:36] [Server thread/INFO]: Saving players
[23:25:36] [Server thread/INFO]: .ShunnedDeer3913 lost connection: Server closed
[23:25:36] [Server thread/INFO]: .ShunnedDeer3913 left the game
[23:25:36] [Server thread/INFO]: Saving worlds
[23:25:36] [Server thread/INFO]: Saving chunks for level 'ServerLevel[world]'/minecraft:overworld
[23:25:36] [Server thread/INFO]: [ChunkHolderManager] Waiting 60s for chunk system to halt for world 'world'
[23:25:36] [Server thread/INFO]: [ChunkHolderManager] Halted chunk system for world 'world'
[23:25:36] [Server thread/INFO]: [ChunkHolderManager] Saving all chunkholders for world 'world'
[23:25:40] [Server thread/INFO]: [ChunkHolderManager] Saved 2127 block chunks, 996 entity chunks, 24 poi chunks in world 'world' in 3.32s
[23:25:40] [Server thread/INFO]: [ChunkHolderManager] Waiting 60s for chunk I/O to halt for world 'world'
[23:25:40] [Server thread/INFO]: [ChunkHolderManager] Halted I/O scheduler for world 'world'
[23:25:40] [Server thread/INFO]: Saving chunks for level 'ServerLevel[world_nether]'/minecraft:the_nether
[23:25:40] [Server thread/INFO]: [ChunkHolderManager] Waiting 60s for chunk system to halt for world 'world_nether'
[23:25:40] [Server thread/INFO]: [ChunkHolderManager] Halted chunk system for world 'world_nether'
[23:25:40] [Server thread/INFO]: [ChunkHolderManager] Saving all chunkholders for world 'world_nether'
[23:25:40] [Server thread/INFO]: [ChunkHolderManager] Saved 49 block chunks, 49 entity chunks, 0 poi chunks in world 'world_nether' in 0.29s
[23:25:40] [Server thread/INFO]: [ChunkHolderManager] Waiting 60s for chunk I/O to halt for world 'world_nether'
[23:25:40] [Server thread/INFO]: [ChunkHolderManager] Halted I/O scheduler for world 'world_nether'
[23:25:40] [Server thread/INFO]: Saving chunks for level 'ServerLevel[world_the_end]'/minecraft:the_end
[23:25:40] [Server thread/INFO]: [ChunkHolderManager] Waiting 60s for chunk system to halt for world 'world_the_end'
[23:25:40] [Server thread/INFO]: [ChunkHolderManager] Halted chunk system for world 'world_the_end'
[23:25:40] [Server thread/INFO]: [ChunkHolderManager] Saving all chunkholders for world 'world_the_end'
[23:25:41] [Server thread/INFO]: [ChunkHolderManager] Saved 49 block chunks, 49 entity chunks, 0 poi chunks in world 'world_the_end' in 0.25s
[23:25:41] [Server thread/INFO]: [ChunkHolderManager] Waiting 60s for chunk I/O to halt for world 'world_the_end'
[23:25:41] [Server thread/INFO]: [ChunkHolderManager] Halted I/O scheduler for world 'world_the_end'
[23:25:41] [Server thread/INFO]: ThreadedAnvilChunkStorage (world): All chunks are saved
[23:25:41] [Server thread/INFO]: ThreadedAnvilChunkStorage (DIM-1): All chunks are saved
[23:25:41] [Server thread/INFO]: ThreadedAnvilChunkStorage (DIM1): All chunks are saved
[23:25:41] [Server thread/INFO]: ThreadedAnvilChunkStorage: All dimensions are saved
[23:25:41] [Server thread/INFO]: Waiting for all RegionFile I/O tasks to complete...
[23:25:41] [Server thread/INFO]: All RegionFile I/O tasks to complete
[23:25:41] [Server thread/INFO]: [MoonriseCommon] Awaiting termination of worker pool for up to 60s...
[23:25:41] [Server thread/INFO]: [MoonriseCommon] Awaiting termination of I/O pool for up to 60s...
